<?xml version="1.0" encoding="UTF-8"?>
<!-- Generated by org.testng.reporters.JUnitReportReporter -->
<testsuite hostname="LAPTOP-OD9KU4J1" failures="0" tests="3" name="com.actitimetestscript.TaskModule1" time="0.035" errors="0" timestamp="2023-07-19T12:53:46 IST" skipped="0">
  <testcase classname="com.actitimetestscript.TaskModule1" name="createTask" time="0.026">
    <system-out>
      <![CDATA[createTask]]>
    </system-out>
  </testcase> <!-- createTask -->
  <testcase classname="com.actitimetestscript.TaskModule1" name="deleteProject" time="0.004">
    <system-out>
      <![CDATA[deleteTask]]>
    </system-out>
  </testcase> <!-- deleteProject -->
  <testcase classname="com.actitimetestscript.TaskModule1" name="modifyProject" time="0.005">
    <system-out>
      <![CDATA[deleteTask]]>
    </system-out>
  </testcase> <!-- modifyProject -->
  <system-out>
    <![CDATA[createTask
deleteTask
deleteTask
createCustomer
deleteCustomer
deleteCustomer
createProject
deleteProject
deleteProject]]>
  </system-out>
</testsuite> <!-- com.actitimetestscript.TaskModule1 -->
