<?xml version="1.0" encoding="UTF-8"?>
<!-- Generated by org.testng.reporters.JUnitReportReporter -->
<testsuite hostname="LAPTOP-OD9KU4J1" failures="0" tests="3" name="testng.CreateCustomer" time="0.028" errors="0" timestamp="2023-07-17T10:48:14 IST" skipped="0">
  <testcase classname="testng.CreateCustomer" name="deleteCustomer" time="0.002">
    <system-out>
      <![CDATA[deleteCustomer]]>
    </system-out>
  </testcase> <!-- deleteCustomer -->
  <testcase classname="testng.CreateCustomer" name="modifyCustomer" time="0.006">
    <system-out>
      <![CDATA[modifyCustomer]]>
    </system-out>
  </testcase> <!-- modifyCustomer -->
  <testcase classname="testng.CreateCustomer" name="createCustomer" time="0.020">
    <system-out>
      <![CDATA[createCustomer]]>
    </system-out>
  </testcase> <!-- createCustomer -->
  <system-out>
    <![CDATA[createCustomer
modifyCustomer
deleteCustomer]]>
  </system-out>
</testsuite> <!-- testng.CreateCustomer -->
