<?xml version="1.0" encoding="UTF-8"?>
<!-- Generated by org.testng.reporters.JUnitReportReporter -->
<testsuite hostname="LAPTOP-OD9KU4J1" failures="0" tests="1" name="testng.DemoScreenshot" time="6.742" errors="0" timestamp="2023-07-15T08:35:26 IST" skipped="0">
  <testcase classname="testng.DemoScreenshot" name="screenShot" time="6.742"/>
</testsuite> <!-- testng.DemoScreenshot -->
