<?xml version="1.0" encoding="UTF-8"?>
<!-- Generated by org.testng.reporters.JUnitReportReporter -->
<testsuite hostname="LAPTOP-OD9KU4J1" failures="0" tests="1" name="testng.DemoAssertion1" time="7.637" errors="0" timestamp="2023-07-15T07:46:43 IST" skipped="0">
  <testcase classname="testng.DemoAssertion1" name="verifyTitle" time="7.637"/>
</testsuite> <!-- testng.DemoAssertion1 -->
