<?xml version="1.0" encoding="UTF-8"?>
<!-- Generated by org.testng.reporters.JUnitReportReporter -->
<testsuite hostname="LAPTOP-OD9KU4J1" failures="0" tests="5" name="testng.DemoTesting" time="0.046" errors="0" timestamp="2023-07-14T13:26:32 IST" skipped="0">
  <testcase classname="testng.DemoTesting" name="a" time="0.026">
    <system-out>
      <![CDATA[hi]]>
    </system-out>
  </testcase> <!-- a -->
  <testcase classname="testng.DemoTesting" name="b" time="0.011">
    <system-out>
      <![CDATA[Neela]]>
    </system-out>
  </testcase> <!-- b -->
  <testcase classname="testng.DemoTesting" name="d" time="0.004">
    <system-out>
      <![CDATA[sheela]]>
    </system-out>
  </testcase> <!-- d -->
  <testcase classname="testng.DemoTesting" name="m" time="0.002">
    <system-out>
      <![CDATA[mayur]]>
    </system-out>
  </testcase> <!-- m -->
  <testcase classname="testng.DemoTesting" name="v" time="0.003">
    <system-out>
      <![CDATA[leela]]>
    </system-out>
  </testcase> <!-- v -->
  <system-out>
    <![CDATA[hi
Neela
sheela
mayur
leela]]>
  </system-out>
</testsuite> <!-- testng.DemoTesting -->
