<?xml version="1.0" encoding="UTF-8"?>
<!-- Generated by org.testng.reporters.JUnitReportReporter -->
<testsuite hostname="LAPTOP-OD9KU4J1" failures="0" tests="2" name="com.actitime.generic.CreateModule" time="0.061" errors="0" timestamp="2023-07-17T22:47:08 IST" skipped="0">
  <testcase classname="com.actitime.generic.CreateModule" name="createCustomer" time="0.042">
    <system-out>
      <![CDATA[createCustomer]]>
    </system-out>
  </testcase> <!-- createCustomer -->
  <testcase classname="com.actitime.generic.CreateModule" name="deleteCustomer" time="0.019">
    <system-out>
      <![CDATA[deleteCustomer]]>
    </system-out>
  </testcase> <!-- deleteCustomer -->
  <system-out>
    <![CDATA[Login
createCustomer
Logout
Login
deleteCustomer
Logout]]>
  </system-out>
</testsuite> <!-- com.actitime.generic.CreateModule -->
