<?xml version="1.0" encoding="UTF-8"?>
<!-- Generated by org.testng.reporters.JUnitReportReporter -->
<testsuite hostname="LAPTOP-OD9KU4J1" failures="0" tests="1" name="testng.DemoSoftAssert" time="6.922" errors="0" timestamp="2023-07-15T07:59:16 IST" skipped="0">
  <testcase classname="testng.DemoSoftAssert" name="verifyTitle" time="6.922"/>
</testsuite> <!-- testng.DemoSoftAssert -->
