<?xml version="1.0" encoding="UTF-8"?>
<!-- Generated by org.testng.reporters.JUnitReportReporter -->
<testsuite hostname="LAPTOP-OD9KU4J1" failures="0" tests="1" name="testng.DemoAssertion" time="17.099" errors="0" timestamp="2023-07-15T07:37:49 IST" skipped="0">
  <testcase classname="testng.DemoAssertion" name="verifyTitle" time="17.099">
    <system-out>
      <![CDATA[Title is not matching and fail]]>
    </system-out>
  </testcase> <!-- verifyTitle -->
  <system-out>
    <![CDATA[Title is not matching and fail]]>
  </system-out>
</testsuite> <!-- testng.DemoAssertion -->
