<?xml version="1.0" encoding="UTF-8"?>
<!-- Generated by org.testng.reporters.JUnitReportReporter -->
<testsuite hostname="LAPTOP-OD9KU4J1" failures="0" tests="3" name="com.actitimetestscript.ProjectModule1" time="0.011" errors="0" timestamp="2023-07-19T12:53:46 IST" skipped="0">
  <testcase classname="com.actitimetestscript.ProjectModule1" name="deleteProject" time="0.005">
    <system-out>
      <![CDATA[deleteProject]]>
    </system-out>
  </testcase> <!-- deleteProject -->
  <testcase classname="com.actitimetestscript.ProjectModule1" name="modifyProject" time="0.003">
    <system-out>
      <![CDATA[deleteProject]]>
    </system-out>
  </testcase> <!-- modifyProject -->
  <testcase classname="com.actitimetestscript.ProjectModule1" name="createProject" time="0.003">
    <system-out>
      <![CDATA[createProject]]>
    </system-out>
  </testcase> <!-- createProject -->
  <system-out>
    <![CDATA[createTask
deleteTask
deleteTask
createCustomer
deleteCustomer
deleteCustomer
createProject
deleteProject
deleteProject]]>
  </system-out>
</testsuite> <!-- com.actitimetestscript.ProjectModule1 -->
