<?xml version="1.0" encoding="UTF-8"?>
<!-- Generated by org.testng.reporters.JUnitReportReporter -->
<testsuite hostname="LAPTOP-OD9KU4J1" failures="0" tests="1" name="com.actitime.testscript.ProjectModule" time="17.565" errors="0" timestamp="2023-07-28T18:58:18 IST" skipped="0">
  <testcase classname="com.actitime.testscript.ProjectModule" name="testCreateProjectModule" time="17.565"/>
  <system-out>
    <![CDATA[openBrowser
login
logOut
closeBrowser]]>
  </system-out>
</testsuite> <!-- com.actitime.testscript.ProjectModule -->
